Using pre-set license
Built from '2021.3/china_unity/release' branch; Version is '2021.3.18f1c1 (93698379025b) revision 9660803'; Using compiler version '192829333'; Build Type 'Release'
OS: 'Windows 11  (10.0.22000) 64bit CoreCountrySpecific' Language: 'zh' Physical Memory: 16167 MB
BatchMode: 1, IsHumanControllingUs: 0, StartBugReporterOnCrash: 0, Is64bit: 1, IsPro: 1

COMMAND LINE ARGUMENTS:
C:\2021.3.18f1c1\Editor\Unity.exe
-adb2
-batchMode
-noUpm
-name
AssetImportWorker0
-projectPath
C:/Users/Chen JQ/Documents/GitHub/team/Group3
-logFile
Logs/AssetImportWorker0.log
-srvPort
58786
Successfully changed project path to: C:/Users/Chen JQ/Documents/GitHub/team/Group3
C:/Users/Chen JQ/Documents/GitHub/team/Group3
[UnityMemory] Configuration Parameters - Can be set up in boot.config
    "memorysetup-bucket-allocator-granularity=16"
    "memorysetup-bucket-allocator-bucket-count=8"
    "memorysetup-bucket-allocator-block-size=33554432"
    "memorysetup-bucket-allocator-block-count=8"
    "memorysetup-main-allocator-block-size=16777216"
    "memorysetup-thread-allocator-block-size=16777216"
    "memorysetup-gfx-main-allocator-block-size=16777216"
    "memorysetup-gfx-thread-allocator-block-size=16777216"
    "memorysetup-cache-allocator-block-size=4194304"
    "memorysetup-typetree-allocator-block-size=2097152"
    "memorysetup-profiler-bucket-allocator-granularity=16"
    "memorysetup-profiler-bucket-allocator-bucket-count=8"
    "memorysetup-profiler-bucket-allocator-block-size=33554432"
    "memorysetup-profiler-bucket-allocator-block-count=8"
    "memorysetup-profiler-allocator-block-size=16777216"
    "memorysetup-profiler-editor-allocator-block-size=1048576"
    "memorysetup-temp-allocator-size-main=16777216"
    "memorysetup-job-temp-allocator-block-size=2097152"
    "memorysetup-job-temp-allocator-block-size-background=1048576"
    "memorysetup-job-temp-allocator-reduction-small-platforms=262144"
    "memorysetup-temp-allocator-size-background-worker=32768"
    "memorysetup-temp-allocator-size-job-worker=262144"
    "memorysetup-temp-allocator-size-preload-manager=33554432"
    "memorysetup-temp-allocator-size-nav-mesh-worker=65536"
    "memorysetup-temp-allocator-size-audio-worker=65536"
    "memorysetup-temp-allocator-size-cloud-worker=32768"
    "memorysetup-temp-allocator-size-gi-baking-worker=262144"
    "memorysetup-temp-allocator-size-gfx=262144"
Player connection [54360] Host "[IP] 192.168.31.99 [Port] 0 [Flags] 2 [Guid] 1563676895 [EditorId] 1563676895 [Version] 1048832 [Id] WindowsEditor(7,LAPTOP-87P7BBSJ) [Debug] 1 [PackageName] WindowsEditor [ProjectName] Editor" joined multi-casting on [225.0.0.222:54997]...

Player connection [54360] Host "[IP] 192.168.31.99 [Port] 0 [Flags] 2 [Guid] 1563676895 [EditorId] 1563676895 [Version] 1048832 [Id] WindowsEditor(7,LAPTOP-87P7BBSJ) [Debug] 1 [PackageName] WindowsEditor [ProjectName] Editor" joined alternative multi-casting on [225.0.0.222:34997]...

AS: AutoStreaming module initializing.
Refreshing native plugins compatible for Editor in 86.69 ms, found 3 plugins.
Preloading 0 native plugins for Editor in 0.00 ms.
Initialize engine version: 2021.3.18f1c1 (93698379025b)
[Subsystems] Discovering subsystems at path C:/2021.3.18f1c1/Editor/Data/Resources/UnitySubsystems
[Subsystems] Discovering subsystems at path C:/Users/Chen JQ/Documents/GitHub/team/Group3/Assets
GfxDevice: creating device client; threaded=0; jobified=0
Direct3D:
    Version:  Direct3D 11.0 [level 11.1]
    Renderer: NVIDIA GeForce MX450 (ID=0x1f97)
    Vendor:   NVIDIA
    VRAM:     1928 MB
    Driver:   30.0.15.1213
Initialize mono
Mono path[0] = 'C:/2021.3.18f1c1/Editor/Data/Managed'
Mono path[1] = 'C:/2021.3.18f1c1/Editor/Data/MonoBleedingEdge/lib/mono/unityjit-win32'
Mono config path = 'C:/2021.3.18f1c1/Editor/Data/MonoBleedingEdge/etc'
Using monoOptions --debugger-agent=transport=dt_socket,embedding=1,server=y,suspend=n,address=127.0.0.1:56764
Begin MonoManager ReloadAssembly
Registering precompiled unity dll's ...
Register platform support module: C:/2021.3.18f1c1/Editor/Data/PlaybackEngines/WebGLSupport/UnityEditor.WebGL.Extensions.dll
Register platform support module: C:/2021.3.18f1c1/Editor/Data/PlaybackEngines/WindowsStandaloneSupport/UnityEditor.WindowsStandalone.Extensions.dll
Register platform support module: C:/2021.3.18f1c1/Editor/Data/PlaybackEngines/MetroSupport/UnityEditor.UWP.Extensions.dll
Registered in 0.013790 seconds.
Native extension for UWP target not found
Native extension for WindowsStandalone target not found
Native extension for WebGL target not found
Refreshing native plugins compatible for Editor in 91.30 ms, found 3 plugins.
Preloading 0 native plugins for Editor in 0.00 ms.
Mono: successfully reloaded assembly
- Completed reload, in  0.838 seconds
Domain Reload Profiling:
	ReloadAssembly (838ms)
		BeginReloadAssembly (107ms)
			ExecutionOrderSort (0ms)
			DisableScriptedObjects (0ms)
			BackupInstance (0ms)
			ReleaseScriptingObjects (0ms)
			CreateAndSetChildDomain (1ms)
		EndReloadAssembly (560ms)
			LoadAssemblies (99ms)
			RebuildTransferFunctionScriptingTraits (0ms)
			SetupTypeCache (140ms)
			ReleaseScriptCaches (0ms)
			RebuildScriptCaches (34ms)
			SetupLoadedEditorAssemblies (307ms)
				LogAssemblyErrors (0ms)
				InitializePlatformSupportModulesInManaged (14ms)
				SetLoadedEditorAssemblies (0ms)
				RefreshPlugins (91ms)
				BeforeProcessingInitializeOnLoad (1ms)
				ProcessInitializeOnLoadAttributes (142ms)
				ProcessInitializeOnLoadMethodAttributes (58ms)
				AfterProcessingInitializeOnLoad (0ms)
				EditorAssembliesLoaded (0ms)
			ExecutionOrderSort2 (0ms)
			AwakeInstancesAfterBackupRestoration (0ms)
Platform modules already initialized, skipping
Registering precompiled user dll's ...
Registered in 0.016256 seconds.
Begin MonoManager ReloadAssembly
Symbol file LoadedFromMemory doesn't match image C:\Users\Chen JQ\Documents\GitHub\team\Group3\Library\PackageCache\com.unity.visualscripting@1.8.0\Editor\VisualScripting.Core\Dependencies\YamlDotNet\Unity.VisualScripting.YamlDotNet.dll
Symbol file LoadedFromMemory doesn't match image C:\Users\Chen JQ\Documents\GitHub\team\Group3\Library\PackageCache\com.unity.visualscripting@1.8.0\Editor\VisualScripting.Core\Dependencies\DotNetZip\Unity.VisualScripting.IonicZip.dll
Native extension for UWP target not found
Native extension for WindowsStandalone target not found
Native extension for WebGL target not found
Refreshing native plugins compatible for Editor in 0.80 ms, found 3 plugins.
Preloading 0 native plugins for Editor in 0.00 ms.
Mono: successfully reloaded assembly
- Completed reload, in  1.655 seconds
Domain Reload Profiling:
	ReloadAssembly (1656ms)
		BeginReloadAssembly (154ms)
			ExecutionOrderSort (0ms)
			DisableScriptedObjects (6ms)
			BackupInstance (0ms)
			ReleaseScriptingObjects (0ms)
			CreateAndSetChildDomain (21ms)
		EndReloadAssembly (1323ms)
			LoadAssemblies (116ms)
			RebuildTransferFunctionScriptingTraits (0ms)
			SetupTypeCache (271ms)
			ReleaseScriptCaches (1ms)
			RebuildScriptCaches (63ms)
			SetupLoadedEditorAssemblies (793ms)
				LogAssemblyErrors (0ms)
				InitializePlatformSupportModulesInManaged (11ms)
				SetLoadedEditorAssemblies (1ms)
				RefreshPlugins (1ms)
				BeforeProcessingInitializeOnLoad (118ms)
				ProcessInitializeOnLoadAttributes (599ms)
				ProcessInitializeOnLoadMethodAttributes (30ms)
				AfterProcessingInitializeOnLoad (33ms)
				EditorAssembliesLoaded (0ms)
			ExecutionOrderSort2 (0ms)
			AwakeInstancesAfterBackupRestoration (14ms)
Platform modules already initialized, skipping
========================================================================
Worker process is ready to serve import requests
Launched and connected shader compiler UnityShaderCompiler.exe after 0.06 seconds
Refreshing native plugins compatible for Editor in 0.88 ms, found 3 plugins.
Preloading 0 native plugins for Editor in 0.00 ms.
Unloading 2974 Unused Serialized files (Serialized files now loaded: 0)
Unloading 21 unused Assets / (49.2 KB). Loaded Objects now: 3439.
Memory consumption went from 115.0 MB to 115.0 MB.
Total: 3.711700 ms (FindLiveObjects: 0.270500 ms CreateObjectMapping: 0.104900 ms MarkObjects: 3.236800 ms  DeleteObjects: 0.098300 ms)

AssetImportParameters requested are different than current active one (requested -> active):
  custom:video-decoder-ogg-theora: a1e56fd34408186e4bbccfd4996cb3dc -> 
  custom:container-muxer-webm: aa71ff27fc2769a1b78a27578f13a17b -> 
  custom:container-demuxer-webm: 4f35f7cbe854078d1ac9338744f61a02 -> 
  custom:video-encoder-webm-vp8: eb34c28f22e8b96e1ab97ce403110664 -> 
  custom:video-codec-MediaFoundation-h265: 746d11721c4dcdbdad8f713fa42b33f4 -> 
  custom:audio-encoder-webm-vorbis: bf7c407c2cedff20999df2af8eb42d56 -> 
  custom:framework-win-MediaFoundation: 216162199b28c13a410421893ffa2e32 -> 
  custom:container-demuxer-ogg: 62fdf1f143b41e24485cea50d1cbac27 -> 
  custom:video-decoder-webm-vp8: 9c59270c3fd7afecdb556c50c9e8de78 -> 
  custom:audio-decoder-ogg-vorbis: bf7c407c2cedff20999df2af8eb42d56 -> 
========================================================================
Received Import Request.
  Time since last request: 197679.989517 seconds.
  path: Assets/Assets2/翟锦彦-主菜单.mp3
  artifactKey: Guid(e44080dd565dffd41816971f6c6287c2) Importer(815301076,1909f56bfc062723c751e8b465ee728b)
Start importing Assets/Assets2/翟锦彦-主菜单.mp3 using Guid(e44080dd565dffd41816971f6c6287c2) Importer(815301076,1909f56bfc062723c751e8b465ee728b)  -> (artifact id: '0a55b8e5dbf5abca747e54528b606449') in 0.185473 seconds 
========================================================================
Received Import Request.
  Time since last request: 0.000041 seconds.
  path: Assets/Assets2/question mark.png
  artifactKey: Guid(b6e90d196c6038f439bfe5619f94959c) Importer(815301076,1909f56bfc062723c751e8b465ee728b)
Start importing Assets/Assets2/question mark.png using Guid(b6e90d196c6038f439bfe5619f94959c) Importer(815301076,1909f56bfc062723c751e8b465ee728b)  -> (artifact id: 'd0ab563e4dbc1786d013e9c9bc252343') in 0.064223 seconds 
========================================================================
Received Import Request.
  Time since last request: 0.000035 seconds.
  path: Assets/Assets1/confirmation_001.mp3
  artifactKey: Guid(7d201ef5260cefe4a8f1bbbf48f1843d) Importer(815301076,1909f56bfc062723c751e8b465ee728b)
Start importing Assets/Assets1/confirmation_001.mp3 using Guid(7d201ef5260cefe4a8f1bbbf48f1843d) Importer(815301076,1909f56bfc062723c751e8b465ee728b)  -> (artifact id: '10384d932a9111a6daae72fdd0c2c1fd') in 0.018889 seconds 
========================================================================
Received Import Request.
  Time since last request: 0.000039 seconds.
  path: Assets/Assets2/Materials/屏幕截图 2023-04-12 234616.mat
  artifactKey: Guid(7449163fd9954f742b53e230f9983d12) Importer(815301076,1909f56bfc062723c751e8b465ee728b)
Start importing Assets/Assets2/Materials/屏幕截图 2023-04-12 234616.mat using Guid(7449163fd9954f742b53e230f9983d12) Importer(815301076,1909f56bfc062723c751e8b465ee728b)  -> (artifact id: '4240a9be5af64929af8fe661e1f211d8') in 0.352218 seconds 
========================================================================
Received Import Request.
  Time since last request: 2.800117 seconds.
  path: Assets/Assets2/SimpleLowPolyNature
  artifactKey: Guid(c18ff679fadc3f646a392327be805dbc) Importer(815301076,1909f56bfc062723c751e8b465ee728b)
Start importing Assets/Assets2/SimpleLowPolyNature using Guid(c18ff679fadc3f646a392327be805dbc) Importer(815301076,1909f56bfc062723c751e8b465ee728b)  -> (artifact id: '4653f0fa7095343ad365aa451cb293df') in 0.001664 seconds 
========================================================================
Received Import Request.
  Time since last request: 0.050258 seconds.
  path: Assets/Assets2/SimpleLowPolyNature/Lowpoly Demo Post-processing Profile.asset
  artifactKey: Guid(8474767a16347414bbd97f6670a97ea8) Importer(815301076,1909f56bfc062723c751e8b465ee728b)
Start importing Assets/Assets2/SimpleLowPolyNature/Lowpoly Demo Post-processing Profile.asset using Guid(8474767a16347414bbd97f6670a97ea8) Importer(815301076,1909f56bfc062723c751e8b465ee728b)  -> (artifact id: '19a95c1c2bec1cd5115e10a36e6016d8') in 0.004384 seconds 
========================================================================
Received Import Request.
  Time since last request: 3.854040 seconds.
  path: Assets/Assets2/SimpleLowPolyNature/Models
  artifactKey: Guid(36891dc9b6bef9042abe878169ca7447) Importer(815301076,1909f56bfc062723c751e8b465ee728b)
Start importing Assets/Assets2/SimpleLowPolyNature/Models using Guid(36891dc9b6bef9042abe878169ca7447) Importer(815301076,1909f56bfc062723c751e8b465ee728b)  -> (artifact id: '3a7fd8f0826c2e7c14b1916843acafda') in 0.001888 seconds 
========================================================================
Received Import Request.
  Time since last request: 0.099554 seconds.
  path: Assets/Assets2/SimpleLowPolyNature/Models/Cloud1.fbx
  artifactKey: Guid(ba90c7e89ce8fb847b770b7be3fc7975) Importer(815301076,1909f56bfc062723c751e8b465ee728b)
Start importing Assets/Assets2/SimpleLowPolyNature/Models/Cloud1.fbx using Guid(ba90c7e89ce8fb847b770b7be3fc7975) Importer(815301076,1909f56bfc062723c751e8b465ee728b)  -> (artifact id: 'f284830be0f756f124188364bd1ddd80') in 0.109120 seconds 
========================================================================
Received Import Request.
  Time since last request: 0.000020 seconds.
  path: Assets/Assets2/SimpleLowPolyNature/Models/Ivy2.fbx
  artifactKey: Guid(4a6b6e5f854d4a84f8b73456e687eec9) Importer(815301076,1909f56bfc062723c751e8b465ee728b)
Start importing Assets/Assets2/SimpleLowPolyNature/Models/Ivy2.fbx using Guid(4a6b6e5f854d4a84f8b73456e687eec9) Importer(815301076,1909f56bfc062723c751e8b465ee728b)  -> (artifact id: 'd2657cf76ff556d4b9750ee678581936') in 0.026307 seconds 
========================================================================
Received Import Request.
  Time since last request: 0.000031 seconds.
  path: Assets/Assets2/SimpleLowPolyNature/Models/Plant4.fbx
  artifactKey: Guid(069e24942767b3942830cac408517235) Importer(815301076,1909f56bfc062723c751e8b465ee728b)
Start importing Assets/Assets2/SimpleLowPolyNature/Models/Plant4.fbx using Guid(069e24942767b3942830cac408517235) Importer(815301076,1909f56bfc062723c751e8b465ee728b)  -> (artifact id: 'cea805533ccb62639635926e8c4af489') in 0.026862 seconds 
========================================================================
Received Import Request.
  Time since last request: 0.000016 seconds.
  path: Assets/Assets2/SimpleLowPolyNature/Models/Rock1.fbx
  artifactKey: Guid(9b23133e3eda78249896e5786ae357a2) Importer(815301076,1909f56bfc062723c751e8b465ee728b)
Start importing Assets/Assets2/SimpleLowPolyNature/Models/Rock1.fbx using Guid(9b23133e3eda78249896e5786ae357a2) Importer(815301076,1909f56bfc062723c751e8b465ee728b)  -> (artifact id: '73fdd1f68d407931c70273bd1b82554b') in 0.025216 seconds 
========================================================================
Received Import Request.
  Time since last request: 0.000015 seconds.
  path: Assets/Assets2/SimpleLowPolyNature/Models/Flower3.fbx
  artifactKey: Guid(0b327016a46383242b0c0f14ed5d68b9) Importer(815301076,1909f56bfc062723c751e8b465ee728b)
Start importing Assets/Assets2/SimpleLowPolyNature/Models/Flower3.fbx using Guid(0b327016a46383242b0c0f14ed5d68b9) Importer(815301076,1909f56bfc062723c751e8b465ee728b)  -> (artifact id: '21c337f59052854783623cac2688d5d4') in 0.028761 seconds 
========================================================================
Received Import Request.
  Time since last request: 0.000026 seconds.
  path: Assets/Assets2/SimpleLowPolyNature/Models/Rock4.fbx
  artifactKey: Guid(4c3cbb765dc1a514e95c24a788dcf485) Importer(815301076,1909f56bfc062723c751e8b465ee728b)
Start importing Assets/Assets2/SimpleLowPolyNature/Models/Rock4.fbx using Guid(4c3cbb765dc1a514e95c24a788dcf485) Importer(815301076,1909f56bfc062723c751e8b465ee728b)  -> (artifact id: 'd7fe4be7016638083eddd7dc0330d68c') in 0.028509 seconds 
========================================================================
Received Import Request.
  Time since last request: 0.000016 seconds.
  path: Assets/Assets2/SimpleLowPolyNature/Models/Grass3.fbx
  artifactKey: Guid(5d1150fbaa24aa24da8c409fd45a1433) Importer(815301076,1909f56bfc062723c751e8b465ee728b)
Start importing Assets/Assets2/SimpleLowPolyNature/Models/Grass3.fbx using Guid(5d1150fbaa24aa24da8c409fd45a1433) Importer(815301076,1909f56bfc062723c751e8b465ee728b)  -> (artifact id: '4a76488a42829072648f6bbcb9b3abb0') in 0.023658 seconds 
========================================================================
Received Import Request.
  Time since last request: 0.000024 seconds.
  path: Assets/Assets2/SimpleLowPolyNature/Models/Log.fbx
  artifactKey: Guid(d215d40c0f10c0e4d840d05f62427501) Importer(815301076,1909f56bfc062723c751e8b465ee728b)
Start importing Assets/Assets2/SimpleLowPolyNature/Models/Log.fbx using Guid(d215d40c0f10c0e4d840d05f62427501) Importer(815301076,1909f56bfc062723c751e8b465ee728b)  -> (artifact id: '600d081ca2eb2b2f380d6ad4b94aec08') in 0.016311 seconds 
========================================================================
Received Import Request.
  Time since last request: 0.000017 seconds.
  path: Assets/Assets2/SimpleLowPolyNature/Models/Ivy1.fbx
  artifactKey: Guid(f5c94a9017473824b95fdbc555580349) Importer(815301076,1909f56bfc062723c751e8b465ee728b)
Start importing Assets/Assets2/SimpleLowPolyNature/Models/Ivy1.fbx using Guid(f5c94a9017473824b95fdbc555580349) Importer(815301076,1909f56bfc062723c751e8b465ee728b)  -> (artifact id: '4a14fce3b8247c9234ce264c5316a25b') in 0.011626 seconds 
========================================================================
Received Import Request.
  Time since last request: 0.000018 seconds.
  path: Assets/Assets2/SimpleLowPolyNature/Models/Mushroom1.fbx
  artifactKey: Guid(2c7af3c4dc7207a43b3b8baeed6d5ba5) Importer(815301076,1909f56bfc062723c751e8b465ee728b)
Start importing Assets/Assets2/SimpleLowPolyNature/Models/Mushroom1.fbx using Guid(2c7af3c4dc7207a43b3b8baeed6d5ba5) Importer(815301076,1909f56bfc062723c751e8b465ee728b)  -> (artifact id: 'fa3b2e8efe5bb2c15b567b1290e71d13') in 0.011313 seconds 
========================================================================
Received Import Request.
  Time since last request: 0.000025 seconds.
  path: Assets/Assets2/SimpleLowPolyNature/Models/Grass4.fbx
  artifactKey: Guid(a2848514d81208b45acb2d6cb8e2953c) Importer(815301076,1909f56bfc062723c751e8b465ee728b)
Start importing Assets/Assets2/SimpleLowPolyNature/Models/Grass4.fbx using Guid(a2848514d81208b45acb2d6cb8e2953c) Importer(815301076,1909f56bfc062723c751e8b465ee728b)  -> (artifact id: '19b1b87e122d4a5d8db47dab6196f136') in 0.014460 seconds 
========================================================================
Received Import Request.
  Time since last request: 0.000032 seconds.
  path: Assets/Assets2/SimpleLowPolyNature/Models/Paddle.fbx
  artifactKey: Guid(b62293594e3695c48b305cd99fdd72e0) Importer(815301076,1909f56bfc062723c751e8b465ee728b)
Start importing Assets/Assets2/SimpleLowPolyNature/Models/Paddle.fbx using Guid(b62293594e3695c48b305cd99fdd72e0) Importer(815301076,1909f56bfc062723c751e8b465ee728b)  -> (artifact id: 'ca1f6123ba755c99687ab40acf7f474e') in 0.013943 seconds 
========================================================================
Received Import Request.
  Time since last request: 0.000037 seconds.
  path: Assets/Assets2/SimpleLowPolyNature/Models/Rock5.fbx
  artifactKey: Guid(1c31f4821cebacb4caf43d3a6524741e) Importer(815301076,1909f56bfc062723c751e8b465ee728b)
Start importing Assets/Assets2/SimpleLowPolyNature/Models/Rock5.fbx using Guid(1c31f4821cebacb4caf43d3a6524741e) Importer(815301076,1909f56bfc062723c751e8b465ee728b)  -> (artifact id: '347bc228c68a82792834936b271ed555') in 0.013599 seconds 
========================================================================
Received Import Request.
  Time since last request: 0.000025 seconds.
  path: Assets/Assets2/SimpleLowPolyNature/Models/Mushroom2.fbx
  artifactKey: Guid(64bc47654f6eeab479ac0592b8150617) Importer(815301076,1909f56bfc062723c751e8b465ee728b)
Start importing Assets/Assets2/SimpleLowPolyNature/Models/Mushroom2.fbx using Guid(64bc47654f6eeab479ac0592b8150617) Importer(815301076,1909f56bfc062723c751e8b465ee728b)  -> (artifact id: '43824529adcf18791f41d8d3262db9c0') in 0.012753 seconds 
========================================================================
Received Import Request.
  Time since last request: 0.000024 seconds.
  path: Assets/Assets2/SimpleLowPolyNature/Models/FireWood.fbx
  artifactKey: Guid(76e0ad8bbe5fca64f90e1cb33a04e75e) Importer(815301076,1909f56bfc062723c751e8b465ee728b)
Start importing Assets/Assets2/SimpleLowPolyNature/Models/FireWood.fbx using Guid(76e0ad8bbe5fca64f90e1cb33a04e75e) Importer(815301076,1909f56bfc062723c751e8b465ee728b)  -> (artifact id: '8c4d8e30f298ad82c20c461fc4040957') in 0.013305 seconds 
========================================================================
Received Import Request.
  Time since last request: 0.000022 seconds.
  path: Assets/Assets2/SimpleLowPolyNature/Models/Rock7.fbx
  artifactKey: Guid(2cc59136d903eed44a9abe0c3b52c3d5) Importer(815301076,1909f56bfc062723c751e8b465ee728b)
Start importing Assets/Assets2/SimpleLowPolyNature/Models/Rock7.fbx using Guid(2cc59136d903eed44a9abe0c3b52c3d5) Importer(815301076,1909f56bfc062723c751e8b465ee728b)  -> (artifact id: '18c84f2e4bfbd750445e10cd29d6e118') in 0.012169 seconds 
========================================================================
Received Import Request.
  Time since last request: 0.000022 seconds.
  path: Assets/Assets2/SimpleLowPolyNature/Models/Flower1.fbx
  artifactKey: Guid(5e29eb426a57a534b92c5c4f3eb82a9b) Importer(815301076,1909f56bfc062723c751e8b465ee728b)
Start importing Assets/Assets2/SimpleLowPolyNature/Models/Flower1.fbx using Guid(5e29eb426a57a534b92c5c4f3eb82a9b) Importer(815301076,1909f56bfc062723c751e8b465ee728b)  -> (artifact id: '21c3348e68b7ffe9b4ae6931bd430863') in 0.013406 seconds 
========================================================================
Received Import Request.
  Time since last request: 0.000024 seconds.
  path: Assets/Assets2/SimpleLowPolyNature/Models/Flower2.fbx
  artifactKey: Guid(0c77d10ec0c97b54da131d936ef92059) Importer(815301076,1909f56bfc062723c751e8b465ee728b)
Start importing Assets/Assets2/SimpleLowPolyNature/Models/Flower2.fbx using Guid(0c77d10ec0c97b54da131d936ef92059) Importer(815301076,1909f56bfc062723c751e8b465ee728b)  -> (artifact id: '01d689678aa8f45aa8a79ea70c8ac8a9') in 0.013141 seconds 
========================================================================
Received Import Request.
  Time since last request: 0.000023 seconds.
  path: Assets/Assets2/SimpleLowPolyNature/Models/Grass2.fbx
  artifactKey: Guid(2ed78cd0e0a5e934b8bb7f6be867e913) Importer(815301076,1909f56bfc062723c751e8b465ee728b)
Start importing Assets/Assets2/SimpleLowPolyNature/Models/Grass2.fbx using Guid(2ed78cd0e0a5e934b8bb7f6be867e913) Importer(815301076,1909f56bfc062723c751e8b465ee728b)  -> (artifact id: '900c2ba6f0874a6a1b07113b8f2ceeb2') in 0.013971 seconds 
========================================================================
Received Import Request.
  Time since last request: 0.000075 seconds.
  path: Assets/Assets2/SimpleLowPolyNature/Models/Grass1.fbx
  artifactKey: Guid(5954e88e9d890844e863ec1621dc70a4) Importer(815301076,1909f56bfc062723c751e8b465ee728b)
Start importing Assets/Assets2/SimpleLowPolyNature/Models/Grass1.fbx using Guid(5954e88e9d890844e863ec1621dc70a4) Importer(815301076,1909f56bfc062723c751e8b465ee728b)  -> (artifact id: 'abe5ee940409c9aa40dde3ea6819308e') in 0.012347 seconds 
========================================================================
Received Import Request.
  Time since last request: 0.000031 seconds.
  path: Assets/Assets2/SimpleLowPolyNature/Models/Plant1.fbx
  artifactKey: Guid(1cba636e69e49404b8b39d4573d0a421) Importer(815301076,1909f56bfc062723c751e8b465ee728b)
Start importing Assets/Assets2/SimpleLowPolyNature/Models/Plant1.fbx using Guid(1cba636e69e49404b8b39d4573d0a421) Importer(815301076,1909f56bfc062723c751e8b465ee728b)  -> (artifact id: 'cfccc3b2c128a38c8eff0f9592093493') in 0.011444 seconds 
========================================================================
Received Import Request.
  Time since last request: 3.593710 seconds.
  path: Assets/Assets2/SimpleLowPolyNature/Prefabs
  artifactKey: Guid(45690ad9e15981946be65f9548d8dd09) Importer(815301076,1909f56bfc062723c751e8b465ee728b)
Start importing Assets/Assets2/SimpleLowPolyNature/Prefabs using Guid(45690ad9e15981946be65f9548d8dd09) Importer(815301076,1909f56bfc062723c751e8b465ee728b)  -> (artifact id: 'a31acd57bb6bb756254f5ffe98c88d0b') in 0.001878 seconds 
========================================================================
Received Import Request.
  Time since last request: 0.049739 seconds.
  path: Assets/Assets2/SimpleLowPolyNature/Prefabs/CampFire.prefab
  artifactKey: Guid(d6a5e2c4aefa6804b8f7d2af9a9676b5) Importer(815301076,1909f56bfc062723c751e8b465ee728b)
Start importing Assets/Assets2/SimpleLowPolyNature/Prefabs/CampFire.prefab using Guid(d6a5e2c4aefa6804b8f7d2af9a9676b5) Importer(815301076,1909f56bfc062723c751e8b465ee728b)  -> (artifact id: '3bad47df08abb7c6e112ce6346786066') in 1.599453 seconds 
========================================================================
Received Import Request.
  Time since last request: 4.225897 seconds.
  path: Assets/Assets2/Scenes/SampleScene.unity
  artifactKey: Guid(49d2cf3e9d9d1ac418ebede0a235c250) Importer(815301076,1909f56bfc062723c751e8b465ee728b)
Start importing Assets/Assets2/Scenes/SampleScene.unity using Guid(49d2cf3e9d9d1ac418ebede0a235c250) Importer(815301076,1909f56bfc062723c751e8b465ee728b)  -> (artifact id: '29ec94ed1dc5eceea6e761ef47cfaa9b') in 0.001665 seconds 
========================================================================
Received Import Request.
  Time since last request: 9.319509 seconds.
  path: Assets/Assets1/Scenes
  artifactKey: Guid(69827143abd849546aa3d7db07f17e77) Importer(815301076,1909f56bfc062723c751e8b465ee728b)
Start importing Assets/Assets1/Scenes using Guid(69827143abd849546aa3d7db07f17e77) Importer(815301076,1909f56bfc062723c751e8b465ee728b)  -> (artifact id: 'a860902c253894a405904f3d66a09f88') in 0.001855 seconds 
========================================================================
Received Import Request.
  Time since last request: 1.291313 seconds.
  path: Assets/Assets1/Scenes/home.unity
  artifactKey: Guid(27dadc563de974548bc3967e7d503f2a) Importer(815301076,1909f56bfc062723c751e8b465ee728b)
Start importing Assets/Assets1/Scenes/home.unity using Guid(27dadc563de974548bc3967e7d503f2a) Importer(815301076,1909f56bfc062723c751e8b465ee728b)  -> (artifact id: '893cba4149c564c61f618eabc6c1c39f') in 0.002041 seconds 
========================================================================
Received Import Request.
  Time since last request: 7.036696 seconds.
  path: Assets/Assets1/SimpleNaturePack
  artifactKey: Guid(30341396a589664418cb8e33d2b6dc29) Importer(815301076,1909f56bfc062723c751e8b465ee728b)
Start importing Assets/Assets1/SimpleNaturePack using Guid(30341396a589664418cb8e33d2b6dc29) Importer(815301076,1909f56bfc062723c751e8b465ee728b)  -> (artifact id: '50cb90b1e914b692ed33807b7c597045') in 0.001877 seconds 
========================================================================
Received Import Request.
  Time since last request: 2.087227 seconds.
  path: Assets/Assets1/SimpleNaturePack/Scenes
  artifactKey: Guid(cf7d20afeed25e648acff9bab9734317) Importer(815301076,1909f56bfc062723c751e8b465ee728b)
Start importing Assets/Assets1/SimpleNaturePack/Scenes using Guid(cf7d20afeed25e648acff9bab9734317) Importer(815301076,1909f56bfc062723c751e8b465ee728b)  -> (artifact id: '505d378750af4d75364913c53e92c91b') in 0.002089 seconds 
========================================================================
Received Import Request.
  Time since last request: 1.127221 seconds.
  path: Assets/Assets1/SimpleNaturePack/Scenes/SimpleNaturePack_Demo.unity
  artifactKey: Guid(5e7af4bd95ac53a4cb784a9eedf8f6f9) Importer(815301076,1909f56bfc062723c751e8b465ee728b)
Start importing Assets/Assets1/SimpleNaturePack/Scenes/SimpleNaturePack_Demo.unity using Guid(5e7af4bd95ac53a4cb784a9eedf8f6f9) Importer(815301076,1909f56bfc062723c751e8b465ee728b)  -> (artifact id: 'f050d19492fb9d14a50360b68a10b778') in 0.001974 seconds 
